# JRE version: OpenJDK Runtime Environment Microsoft-8035246 (17.0.8+7) (build 17.0.8+7-LTS)
# Java VM: OpenJDK 64-Bit Server VM Microsoft-8035246 (17.0.8+7-LTS, mixed mode, sharing, tiered, compressed oops, compressed class ptrs, g1 gc, windows-amd64)
GC Precious Log:
 CPUs: 4 total, 4 available
 Memory: 12055M
 Large Page Support: Disabled
 NUMA Support: Disabled
 Compressed Oops: Enabled (32-bit)
 Heap Region Size: 1M
 Heap Min Capacity: 8M
 Heap Initial Capacity: 190M
 Heap Max Capacity: 2G
 Pre-touch: Disabled
 Parallel Workers: 4
 Concurrent Workers: 1
 Concurrent Refinement Workers: 4
 Periodic GC: Disabled
Heap:
 garbage-first heap   total 293888K, used 227246K [0x0000000080000000, 0x0000000100000000)
  region size 1024K, 56 young (57344K), 1 survivors (1024K)
 Metaspace       used 99515K, committed 100672K, reserved 557056K
  class space    used 13899K, committed 14464K, reserved 425984K
GC Heap History (20 events):
Event: 87.635 GC heap before
{Heap before GC invocations=71 (full 0):
 garbage-first heap   total 242688K, used 148641K [0x0000000080000000, 0x0000000100000000)
  region size 1024K, 11 young (11264K), 7 survivors (7168K)
 Metaspace       used 90090K, committed 91136K, reserved 557056K
  class space    used 12651K, committed 13120K, reserved 425984K
}
Event: 87.640 GC heap after
{Heap after GC invocations=72 (full 0):
 garbage-first heap   total 242688K, used 146284K [0x0000000080000000, 0x0000000100000000)
  region size 1024K, 2 young (2048K), 2 survivors (2048K)
 Metaspace       used 90090K, committed 91136K, reserved 557056K
  class space    used 12651K, committed 13120K, reserved 425984K
}
Event: 87.784 GC heap before
{Heap before GC invocations=72 (full 0):
 garbage-first heap   total 242688K, used 155500K [0x0000000080000000, 0x0000000100000000)
  region size 1024K, 12 young (12288K), 2 survivors (2048K)
 Metaspace       used 90133K, committed 91136K, reserved 557056K
  class space    used 12655K, committed 13120K, reserved 425984K
}
Event: 87.789 GC heap after
{Heap after GC invocations=73 (full 0):
 garbage-first heap   total 242688K, used 146761K [0x0000000080000000, 0x0000000100000000)
  region size 1024K, 2 young (2048K), 2 survivors (2048K)
 Metaspace       used 90133K, committed 91136K, reserved 557056K
  class space    used 12655K, committed 13120K, reserved 425984K
}
Event: 88.825 GC heap before
{Heap before GC invocations=74 (full 0):
 garbage-first heap   total 263168K, used 189769K [0x0000000080000000, 0x0000000100000000)
  region size 1024K, 42 young (43008K), 2 survivors (2048K)
 Metaspace       used 91657K, committed 92672K, reserved 557056K
  class space    used 12854K, committed 13376K, reserved 425984K
}
Event: 88.837 GC heap after
{Heap after GC invocations=75 (full 0):
 garbage-first heap   total 263168K, used 155111K [0x0000000080000000, 0x0000000100000000)
  region size 1024K, 6 young (6144K), 6 survivors (6144K)
 Metaspace       used 91657K, committed 92672K, reserved 557056K
  class space    used 12854K, committed 13376K, reserved 425984K
}
Event: 89.007 GC heap before
{Heap before GC invocations=75 (full 0):
 garbage-first heap   total 263168K, used 161255K [0x0000000080000000, 0x0000000100000000)
  region size 1024K, 12 young (12288K), 6 survivors (6144K)
 Metaspace       used 92206K, committed 93184K, reserved 557056K
  class space    used 12942K, committed 13440K, reserved 425984K
}
Event: 89.017 GC heap after
{Heap after GC invocations=76 (full 0):
 garbage-first heap   total 263168K, used 154732K [0x0000000080000000, 0x0000000100000000)
  region size 1024K, 1 young (1024K), 1 survivors (1024K)
 Metaspace       used 92206K, committed 93184K, reserved 557056K
  class space    used 12942K, committed 13440K, reserved 425984K
}
Event: 90.268 GC heap before
{Heap before GC invocations=76 (full 0):
 garbage-first heap   total 263168K, used 200812K [0x0000000080000000, 0x0000000100000000)
  region size 1024K, 46 young (47104K), 1 survivors (1024K)
 Metaspace       used 95493K, committed 96576K, reserved 557056K
  class space    used 13417K, committed 13952K, reserved 425984K
}
Event: 90.278 GC heap after
{Heap after GC invocations=77 (full 0):
 garbage-first heap   total 263168K, used 157712K [0x0000000080000000, 0x0000000100000000)
  region size 1024K, 4 young (4096K), 4 survivors (4096K)
 Metaspace       used 95493K, committed 96576K, reserved 557056K
  class space    used 13417K, committed 13952K, reserved 425984K
}
Event: 91.668 GC heap before
{Heap before GC invocations=78 (full 0):
 garbage-first heap   total 273408K, used 204816K [0x0000000080000000, 0x0000000100000000)
  region size 1024K, 50 young (51200K), 4 survivors (4096K)
 Metaspace       used 97479K, committed 98560K, reserved 557056K
  class space    used 13668K, committed 14208K, reserved 425984K
}
Event: 91.680 GC heap after
{Heap after GC invocations=79 (full 0):
 garbage-first heap   total 273408K, used 162404K [0x0000000080000000, 0x0000000100000000)
  region size 1024K, 7 young (7168K), 7 survivors (7168K)
 Metaspace       used 97479K, committed 98560K, reserved 557056K
  class space    used 13668K, committed 14208K, reserved 425984K
}
Event: 91.807 GC heap before
{Heap before GC invocations=79 (full 0):
 garbage-first heap   total 273408K, used 168548K [0x0000000080000000, 0x0000000100000000)
  region size 1024K, 13 young (13312K), 7 survivors (7168K)
 Metaspace       used 97629K, committed 98688K, reserved 557056K
  class space    used 13679K, committed 14208K, reserved 425984K
}
Event: 91.819 GC heap after
{Heap after GC invocations=80 (full 0):
 garbage-first heap   total 273408K, used 163363K [0x0000000080000000, 0x0000000100000000)
  region size 1024K, 2 young (2048K), 2 survivors (2048K)
 Metaspace       used 97629K, committed 98688K, reserved 557056K
  class space    used 13679K, committed 14208K, reserved 425984K
}
Event: 92.709 GC heap before
{Heap before GC invocations=80 (full 0):
 garbage-first heap   total 273408K, used 213539K [0x0000000080000000, 0x0000000100000000)
  region size 1024K, 51 young (52224K), 2 survivors (2048K)
 Metaspace       used 98002K, committed 99072K, reserved 557056K
  class space    used 13695K, committed 14208K, reserved 425984K
}
Event: 92.717 GC heap after
{Heap after GC invocations=81 (full 0):
 garbage-first heap   total 273408K, used 167653K [0x0000000080000000, 0x0000000100000000)
  region size 1024K, 6 young (6144K), 6 survivors (6144K)
 Metaspace       used 98002K, committed 99072K, reserved 557056K
  class space    used 13695K, committed 14208K, reserved 425984K
}
Event: 93.830 GC heap before
{Heap before GC invocations=82 (full 0):
 garbage-first heap   total 293888K, used 215781K [0x0000000080000000, 0x0000000100000000)
  region size 1024K, 54 young (55296K), 6 survivors (6144K)
 Metaspace       used 98957K, committed 100096K, reserved 557056K
  class space    used 13835K, committed 14400K, reserved 425984K
}
Event: 93.843 GC heap after
{Heap after GC invocations=83 (full 0):
 garbage-first heap   total 293888K, used 172638K [0x0000000080000000, 0x0000000100000000)
  region size 1024K, 6 young (6144K), 6 survivors (6144K)
 Metaspace       used 98957K, committed 100096K, reserved 557056K
  class space    used 13835K, committed 14400K, reserved 425984K
}
Event: 94.027 GC heap before
{Heap before GC invocations=83 (full 0):
 garbage-first heap   total 293888K, used 179806K [0x0000000080000000, 0x0000000100000000)
  region size 1024K, 14 young (14336K), 6 survivors (6144K)
 Metaspace       used 99080K, committed 100160K, reserved 557056K
  class space    used 13841K, committed 14400K, reserved 425984K
}
Event: 94.034 GC heap after
{Heap after GC invocations=84 (full 0):
 garbage-first heap   total 293888K, used 172974K [0x0000000080000000, 0x0000000100000000)
  region size 1024K, 1 young (1024K), 1 survivors (1024K)
 Metaspace       used 99080K, committed 100160K, reserved 557056K
  class space    used 13841K, committed 14400K, reserved 425984K
}

